<?xml version="1.0" encoding="UTF-8"?>
<!-- Generated by org.testng.reporters.JUnitReportReporter -->
<testsuite skipped="0" hostname="LP-Manish8Kumar" name="Regression.GeneralStoreFinal" tests="1" failures="0" timestamp="01 Jul 2020 12:07:43 GMT" time="83.760" errors="0">
  <testcase name="startExecution" time="83.760" classname="Regression.GeneralStoreFinal"/>
</testsuite> <!-- Regression.GeneralStoreFinal -->
